<?xml version="1.0" encoding="UTF-8"?>
<coverage generated="1430525664977" clover="3.3.0">
   <project timestamp="1430525637120" name="POJO library for Collection Management project 1.0">
      <metrics conditionals="296" methods="456" classes="47" files="47" packages="4" coveredstatements="591" complexity="819" loc="5793" ncloc="3253" coveredmethods="98" coveredconditionals="181" statements="1790" coveredelements="870" elements="2542"/>
      <package name="com.ac.games.data.parser">
         <metrics classes="3" methods="4" conditionals="168" files="3" ncloc="453" coveredstatements="293" coveredmethods="4" complexity="106" coveredconditionals="144" statements="317" loc="695" coveredelements="441" elements="489"/>
         <file name="BGGGameParser.java" path="/Users/ac010168/Documents/umkc/ac-games-pojos/src/main/java/com/ac/games/data/parser/BGGGameParser.java">
            <metrics classes="1" methods="2" conditionals="74" ncloc="202" coveredstatements="135" coveredmethods="2" complexity="56" coveredconditionals="67" statements="145" loc="295" coveredelements="204" elements="221"/>
            <class name="BGGGameParser">
               <metrics methods="2" conditionals="74" coveredstatements="135" coveredmethods="2" complexity="56" coveredconditionals="67" statements="145" coveredelements="204" elements="221"/>
            </class>
            <line num="44" count="86" visibility="public" complexity="44" type="method" signature="parseBGGXML(String) : BGGGame"/>
            <line num="45" count="86" type="stmt"/>
            <line num="46" count="86" type="stmt"/>
            <line num="46" falsecount="86" type="cond" truecount="0"/>
            <line num="47" count="0" type="stmt"/>
            <line num="48" count="0" type="stmt"/>
            <line num="52" count="86" type="stmt"/>
            <line num="53" count="86" type="stmt"/>
            <line num="54" count="86" type="stmt"/>
            <line num="54" falsecount="85" type="cond" truecount="1"/>
            <line num="55" count="1" type="stmt"/>
            <line num="57" count="85" type="stmt"/>
            <line num="58" count="85" type="stmt"/>
            <line num="59" count="85" type="stmt"/>
            <line num="60" count="85" type="stmt"/>
            <line num="61" count="85" type="stmt"/>
            <line num="63" count="85" type="stmt"/>
            <line num="66" count="85" type="stmt"/>
            <line num="67" count="85" type="stmt"/>
            <line num="67" falsecount="85" type="cond" truecount="103"/>
            <line num="68" count="103" type="stmt"/>
            <line num="70" count="103" type="stmt"/>
            <line num="70" falsecount="18" type="cond" truecount="85"/>
            <line num="71" count="85" type="stmt"/>
            <line num="73" count="85" type="stmt"/>
            <line num="74" count="85" type="stmt"/>
            <line num="76" count="85" type="stmt"/>
            <line num="76" falsecount="2" type="cond" truecount="83"/>
            <line num="77" count="83" type="stmt"/>
            <line num="78" count="83" type="stmt"/>
            <line num="80" count="85" type="stmt"/>
            <line num="80" falsecount="2" type="cond" truecount="83"/>
            <line num="81" count="83" type="stmt"/>
            <line num="82" count="83" type="stmt"/>
            <line num="84" count="85" type="stmt"/>
            <line num="84" falsecount="2" type="cond" truecount="83"/>
            <line num="85" count="83" type="stmt"/>
            <line num="86" count="83" type="stmt"/>
            <line num="88" count="85" type="stmt"/>
            <line num="88" falsecount="2" type="cond" truecount="83"/>
            <line num="89" count="83" type="stmt"/>
            <line num="90" count="83" type="stmt"/>
            <line num="92" count="85" type="stmt"/>
            <line num="92" falsecount="2" type="cond" truecount="83"/>
            <line num="93" count="83" type="stmt"/>
            <line num="94" count="83" type="stmt"/>
            <line num="96" count="85" type="stmt"/>
            <line num="96" falsecount="7" type="cond" truecount="78"/>
            <line num="97" count="78" type="stmt"/>
            <line num="98" count="78" type="stmt"/>
            <line num="100" count="85" type="stmt"/>
            <line num="100" falsecount="7" type="cond" truecount="78"/>
            <line num="101" count="78" type="stmt"/>
            <line num="102" count="78" type="stmt"/>
            <line num="105" count="85" type="stmt"/>
            <line num="106" count="85" type="stmt"/>
            <line num="108" count="85" type="stmt"/>
            <line num="109" count="85" type="stmt"/>
            <line num="110" count="85" type="stmt"/>
            <line num="110" falsecount="85" type="cond" truecount="153"/>
            <line num="111" count="153" type="stmt"/>
            <line num="112" count="153" type="stmt"/>
            <line num="112" falsecount="68" type="cond" truecount="85"/>
            <line num="113" count="85" type="stmt"/>
            <line num="115" count="85" type="stmt"/>
            <line num="117" count="85" type="stmt"/>
            <line num="118" count="85" type="stmt"/>
            <line num="119" count="85" type="stmt"/>
            <line num="119" falsecount="85" type="cond" truecount="156"/>
            <line num="120" count="156" type="stmt"/>
            <line num="122" count="85" type="stmt"/>
            <line num="124" count="85" type="stmt"/>
            <line num="125" count="85" type="stmt"/>
            <line num="126" count="85" type="stmt"/>
            <line num="126" falsecount="85" type="cond" truecount="103"/>
            <line num="127" count="103" type="stmt"/>
            <line num="129" count="85" type="stmt"/>
            <line num="131" count="85" type="stmt"/>
            <line num="132" count="85" type="stmt"/>
            <line num="133" count="85" type="stmt"/>
            <line num="133" falsecount="85" type="cond" truecount="195"/>
            <line num="134" count="195" type="stmt"/>
            <line num="136" count="85" type="stmt"/>
            <line num="138" count="85" type="stmt"/>
            <line num="139" count="85" type="stmt"/>
            <line num="140" count="85" type="stmt"/>
            <line num="140" falsecount="85" type="cond" truecount="110"/>
            <line num="141" count="110" type="stmt"/>
            <line num="143" count="85" type="stmt"/>
            <line num="146" count="85" type="stmt"/>
            <line num="149" count="85" type="stmt"/>
            <line num="150" count="85" type="stmt"/>
            <line num="153" count="85" type="stmt"/>
            <line num="153" falsecount="11" type="cond" truecount="74"/>
            <line num="154" count="74" type="stmt"/>
            <line num="157" count="11" type="stmt"/>
            <line num="159" count="11" type="stmt"/>
            <line num="159" falsecount="11" type="cond" truecount="134"/>
            <line num="160" count="134" type="stmt"/>
            <line num="161" count="134" type="stmt"/>
            <line num="164" count="134" type="stmt"/>
            <line num="164" falsecount="130" type="cond" truecount="4"/>
            <line num="165" count="4" type="stmt"/>
            <line num="166" count="4" type="stmt"/>
            <line num="167" count="130" type="stmt"/>
            <line num="169" count="11" type="stmt"/>
            <line num="169" falsecount="4" type="cond" truecount="7"/>
            <line num="170" count="7" type="stmt"/>
            <line num="174" count="85" type="stmt"/>
            <line num="175" count="85" type="stmt"/>
            <line num="175" falsecount="85" type="cond" truecount="57"/>
            <line num="176" count="57" type="stmt"/>
            <line num="177" count="57" type="stmt"/>
            <line num="177" falsecount="56" type="cond" truecount="1"/>
            <line num="178" count="1" type="stmt"/>
            <line num="180" count="85" type="stmt"/>
            <line num="183" count="85" type="stmt"/>
            <line num="184" count="85" type="stmt"/>
            <line num="186" count="85" type="stmt"/>
            <line num="186" falsecount="1" type="cond" truecount="84"/>
            <line num="187" count="84" type="stmt"/>
            <line num="188" count="84" type="stmt"/>
            <line num="190" count="85" type="stmt"/>
            <line num="190" falsecount="1" type="cond" truecount="84"/>
            <line num="191" count="84" type="stmt"/>
            <line num="192" count="84" type="stmt"/>
            <line num="196" count="85" type="stmt"/>
            <line num="196" falsecount="4" type="cond" truecount="81"/>
            <line num="197" count="81" type="stmt"/>
            <line num="198" count="81" type="stmt"/>
            <line num="199" count="81" type="stmt"/>
            <line num="199" falsecount="81" type="cond" truecount="130"/>
            <line num="200" count="130" type="stmt"/>
            <line num="201" count="130" type="stmt"/>
            <line num="201" falsecount="0" type="cond" truecount="130"/>
            <line num="202" count="130" type="stmt"/>
            <line num="203" count="130" type="stmt"/>
            <line num="207" count="130" type="stmt"/>
            <line num="207" falsecount="51" type="cond" truecount="79"/>
            <line num="208" count="79" type="stmt"/>
            <line num="209" count="79" type="stmt"/>
            <line num="209" falsecount="13" type="cond" truecount="66"/>
            <line num="210" count="66" type="stmt"/>
            <line num="212" count="13" type="stmt"/>
            <line num="213" count="13" type="stmt"/>
            <line num="226" count="85" type="stmt"/>
            <line num="226" falsecount="85" type="cond" truecount="0"/>
            <line num="227" count="0" type="stmt"/>
            <line num="228" count="0" type="stmt"/>
            <line num="229" count="0" type="stmt"/>
            <line num="230" count="0" type="stmt"/>
            <line num="233" count="85" type="stmt"/>
            <line num="248" count="4" visibility="public" complexity="12" type="method" signature="parseMultiBGGXML(String) : List&lt;BGGGame&gt;"/>
            <line num="250" count="4" type="stmt"/>
            <line num="251" count="4" type="stmt"/>
            <line num="252" count="4" type="stmt"/>
            <line num="252" falsecount="4" type="cond" truecount="0"/>
            <line num="253" count="0" type="stmt"/>
            <line num="255" count="4" type="stmt"/>
            <line num="256" count="4" type="stmt"/>
            <line num="257" count="80" type="stmt"/>
            <line num="258" count="80" type="stmt"/>
            <line num="261" count="80" type="stmt"/>
            <line num="261" falsecount="76" type="cond" truecount="4"/>
            <line num="262" count="4" type="stmt"/>
            <line num="265" count="76" type="stmt"/>
            <line num="265" falsecount="76" type="cond" truecount="0"/>
            <line num="266" count="0" type="stmt"/>
            <line num="269" count="76" type="stmt"/>
            <line num="269" falsecount="76" type="cond" truecount="0"/>
            <line num="270" count="0" type="stmt"/>
            <line num="275" count="76" type="stmt"/>
            <line num="276" count="76" type="stmt"/>
            <line num="276" falsecount="76" type="cond" truecount="15"/>
            <line num="277" count="15" type="stmt"/>
            <line num="279" count="15" type="stmt"/>
            <line num="279" falsecount="15" type="cond" truecount="0"/>
            <line num="280" count="0" type="stmt"/>
            <line num="282" count="15" type="stmt"/>
            <line num="286" count="76" type="stmt"/>
            <line num="288" count="76" type="stmt"/>
            <line num="289" count="76" type="stmt"/>
            <line num="291" count="76" type="stmt"/>
            <line num="293" count="4" type="stmt"/>
         </file>
         <file name="CoolStuffIncParser.java" path="/Users/ac010168/Documents/umkc/ac-games-pojos/src/main/java/com/ac/games/data/parser/CoolStuffIncParser.java">
            <metrics classes="1" methods="1" conditionals="46" ncloc="123" coveredstatements="78" coveredmethods="1" complexity="25" coveredconditionals="41" statements="83" loc="196" coveredelements="120" elements="130"/>
            <class name="CoolStuffIncParser">
               <metrics methods="1" conditionals="46" coveredstatements="78" coveredmethods="1" complexity="25" coveredconditionals="41" statements="83" coveredelements="120" elements="130"/>
            </class>
            <line num="79" count="14" visibility="public" complexity="25" type="method" signature="parseCSIHTML(String,long) : CoolStuffIncPriceData"/>
            <line num="80" count="14" type="stmt"/>
            <line num="81" count="14" type="stmt"/>
            <line num="81" falsecount="14" type="cond" truecount="0"/>
            <line num="82" count="0" type="stmt"/>
            <line num="83" count="0" type="stmt"/>
            <line num="86" count="14" type="stmt"/>
            <line num="86" falsecount="14" type="cond" truecount="0"/>
            <line num="87" count="0" type="stmt"/>
            <line num="91" count="14" type="stmt"/>
            <line num="93" count="14" type="stmt"/>
            <line num="94" count="14" type="stmt"/>
            <line num="96" count="14" type="stmt"/>
            <line num="97" count="14" type="stmt"/>
            <line num="98" count="14" type="stmt"/>
            <line num="98" falsecount="0" type="cond" truecount="14"/>
            <line num="99" count="14" type="stmt"/>
            <line num="101" count="14" type="stmt"/>
            <line num="102" count="0" type="stmt"/>
            <line num="104" count="14" type="stmt"/>
            <line num="104" falsecount="13" type="cond" truecount="1"/>
            <line num="105" count="1" type="stmt"/>
            <line num="107" count="13" type="stmt"/>
            <line num="107" falsecount="12" type="cond" truecount="1"/>
            <line num="108" count="1" type="stmt"/>
            <line num="110" count="12" type="stmt"/>
            <line num="111" count="12" type="stmt"/>
            <line num="111" falsecount="4" type="cond" truecount="8"/>
            <line num="112" count="8" type="stmt"/>
            <line num="114" count="8" type="stmt"/>
            <line num="116" count="4" type="stmt"/>
            <line num="121" count="12" type="stmt"/>
            <line num="122" count="12" type="stmt"/>
            <line num="123" count="12" type="stmt"/>
            <line num="124" count="12" type="stmt"/>
            <line num="125" count="12" type="stmt"/>
            <line num="126" count="12" type="stmt"/>
            <line num="127" count="12" type="stmt"/>
            <line num="128" count="12" type="stmt"/>
            <line num="130" count="12" type="stmt"/>
            <line num="130" falsecount="8" type="cond" truecount="4"/>
            <line num="131" count="4" type="stmt"/>
            <line num="131" count="1" type="stmt"/>
            <line num="131" falsecount="3" type="cond" truecount="1"/>
            <line num="132" count="3" type="stmt"/>
            <line num="134" count="8" type="stmt"/>
            <line num="134" count="3" type="stmt"/>
            <line num="134" falsecount="5" type="cond" truecount="3"/>
            <line num="135" count="5" type="stmt"/>
            <line num="135" count="1" type="stmt"/>
            <line num="135" falsecount="4" type="cond" truecount="1"/>
            <line num="136" count="4" type="stmt"/>
            <line num="136" count="1" type="stmt"/>
            <line num="136" falsecount="3" type="cond" truecount="1"/>
            <line num="137" count="3" type="stmt"/>
            <line num="137" count="1" type="stmt"/>
            <line num="137" falsecount="2" type="cond" truecount="1"/>
            <line num="138" count="2" type="stmt"/>
            <line num="138" count="1" type="stmt"/>
            <line num="138" falsecount="1" type="cond" truecount="1"/>
            <line num="139" count="1" type="stmt"/>
            <line num="139" count="1" type="stmt"/>
            <line num="139" falsecount="0" type="cond" truecount="1"/>
            <line num="140" count="0" type="stmt"/>
            <line num="142" count="12" type="stmt"/>
            <line num="143" count="12" type="stmt"/>
            <line num="143" falsecount="0" type="cond" truecount="12"/>
            <line num="144" count="12" type="stmt"/>
            <line num="146" count="12" type="stmt"/>
            <line num="149" count="12" type="stmt"/>
            <line num="150" count="12" type="stmt"/>
            <line num="151" count="12" type="stmt"/>
            <line num="152" count="12" type="stmt"/>
            <line num="154" count="12" type="stmt"/>
            <line num="154" count="4" type="stmt"/>
            <line num="154" falsecount="8" type="cond" truecount="4"/>
            <line num="155" count="8" type="stmt"/>
            <line num="155" count="2" type="stmt"/>
            <line num="155" falsecount="6" type="cond" truecount="2"/>
            <line num="156" count="6" type="stmt"/>
            <line num="156" falsecount="1" type="cond" truecount="5"/>
            <line num="157" count="5" type="stmt"/>
            <line num="157" count="1" type="stmt"/>
            <line num="157" falsecount="4" type="cond" truecount="1"/>
            <line num="158" count="4" type="stmt"/>
            <line num="161" count="1" type="stmt"/>
            <line num="162" count="1" type="stmt"/>
            <line num="166" count="12" type="stmt"/>
            <line num="166" falsecount="9" type="cond" truecount="3"/>
            <line num="167" count="3" type="stmt"/>
            <line num="169" count="3" type="stmt"/>
            <line num="174" count="12" type="stmt"/>
            <line num="175" count="12" type="stmt"/>
            <line num="175" falsecount="8" type="cond" truecount="4"/>
            <line num="176" count="4" type="stmt"/>
            <line num="178" count="4" type="stmt"/>
            <line num="180" count="12" type="stmt"/>
            <line num="181" count="12" type="stmt"/>
            <line num="181" falsecount="6" type="cond" truecount="6"/>
            <line num="182" count="6" type="stmt"/>
            <line num="184" count="6" type="stmt"/>
            <line num="187" count="12" type="stmt"/>
            <line num="188" count="12" type="stmt"/>
            <line num="188" falsecount="5" type="cond" truecount="7"/>
            <line num="189" count="7" type="stmt"/>
            <line num="191" count="7" type="stmt"/>
            <line num="194" count="12" type="stmt"/>
         </file>
         <file name="MiniatureMarketParser.java" path="/Users/ac010168/Documents/umkc/ac-games-pojos/src/main/java/com/ac/games/data/parser/MiniatureMarketParser.java">
            <metrics classes="1" methods="1" conditionals="48" ncloc="128" coveredstatements="80" coveredmethods="1" complexity="25" coveredconditionals="36" statements="89" loc="204" coveredelements="117" elements="138"/>
            <class name="MiniatureMarketParser">
               <metrics methods="1" conditionals="48" coveredstatements="80" coveredmethods="1" complexity="25" coveredconditionals="36" statements="89" coveredelements="117" elements="138"/>
            </class>
            <line num="77" count="14" visibility="public" complexity="25" type="method" signature="parseMMHTML(String) : MiniatureMarketPriceData"/>
            <line num="78" count="14" type="stmt"/>
            <line num="79" count="14" type="stmt"/>
            <line num="79" falsecount="14" type="cond" truecount="0"/>
            <line num="80" count="0" type="stmt"/>
            <line num="81" count="0" type="stmt"/>
            <line num="84" count="14" type="stmt"/>
            <line num="84" falsecount="14" type="cond" truecount="0"/>
            <line num="85" count="0" type="stmt"/>
            <line num="87" count="14" type="stmt"/>
            <line num="88" count="14" type="stmt"/>
            <line num="88" falsecount="13" type="cond" truecount="1"/>
            <line num="89" count="1" type="stmt"/>
            <line num="91" count="13" type="stmt"/>
            <line num="94" count="13" type="stmt"/>
            <line num="95" count="13" type="stmt"/>
            <line num="95" falsecount="0" type="cond" truecount="13"/>
            <line num="96" count="13" type="stmt"/>
            <line num="98" count="13" type="stmt"/>
            <line num="99" count="0" type="stmt"/>
            <line num="102" count="13" type="stmt"/>
            <line num="103" count="13" type="stmt"/>
            <line num="103" falsecount="0" type="cond" truecount="13"/>
            <line num="104" count="13" type="stmt"/>
            <line num="106" count="13" type="stmt"/>
            <line num="107" count="0" type="stmt"/>
            <line num="110" count="13" type="stmt"/>
            <line num="111" count="13" type="stmt"/>
            <line num="112" count="13" type="stmt"/>
            <line num="112" falsecount="3" type="cond" truecount="10"/>
            <line num="113" count="10" type="stmt"/>
            <line num="115" count="10" type="stmt"/>
            <line num="117" count="3" type="stmt"/>
            <line num="118" count="3" type="stmt"/>
            <line num="118" falsecount="0" type="cond" truecount="3"/>
            <line num="119" count="3" type="stmt"/>
            <line num="121" count="3" type="stmt"/>
            <line num="122" count="0" type="stmt"/>
            <line num="125" count="13" type="stmt"/>
            <line num="126" count="13" type="stmt"/>
            <line num="127" count="13" type="stmt"/>
            <line num="128" count="13" type="stmt"/>
            <line num="129" count="13" type="stmt"/>
            <line num="130" count="13" type="stmt"/>
            <line num="132" count="13" type="stmt"/>
            <line num="132" count="6" type="stmt"/>
            <line num="132" falsecount="7" type="cond" truecount="6"/>
            <line num="133" count="7" type="stmt"/>
            <line num="133" count="1" type="stmt"/>
            <line num="133" falsecount="6" type="cond" truecount="1"/>
            <line num="134" count="6" type="stmt"/>
            <line num="134" count="1" type="stmt"/>
            <line num="134" falsecount="5" type="cond" truecount="1"/>
            <line num="135" count="5" type="stmt"/>
            <line num="135" count="1" type="stmt"/>
            <line num="135" falsecount="4" type="cond" truecount="1"/>
            <line num="136" count="4" type="stmt"/>
            <line num="136" count="1" type="stmt"/>
            <line num="136" falsecount="3" type="cond" truecount="1"/>
            <line num="137" count="3" type="stmt"/>
            <line num="137" count="1" type="stmt"/>
            <line num="137" falsecount="2" type="cond" truecount="1"/>
            <line num="138" count="2" type="stmt"/>
            <line num="141" count="13" type="stmt"/>
            <line num="142" count="13" type="stmt"/>
            <line num="143" count="13" type="stmt"/>
            <line num="144" count="13" type="stmt"/>
            <line num="144" falsecount="9" type="cond" truecount="4"/>
            <line num="145" count="4" type="stmt"/>
            <line num="145" count="0" type="stmt"/>
            <line num="145" falsecount="4" type="cond" truecount="0"/>
            <line num="146" count="4" type="stmt"/>
            <line num="147" count="9" type="stmt"/>
            <line num="147" falsecount="0" type="cond" truecount="9"/>
            <line num="148" count="9" type="stmt"/>
            <line num="148" count="1" type="stmt"/>
            <line num="148" falsecount="8" type="cond" truecount="1"/>
            <line num="149" count="8" type="stmt"/>
            <line num="150" count="0" type="stmt"/>
            <line num="152" count="13" type="stmt"/>
            <line num="154" count="13" type="stmt"/>
            <line num="155" count="13" type="stmt"/>
            <line num="155" falsecount="3" type="cond" truecount="10"/>
            <line num="156" count="10" type="stmt"/>
            <line num="158" count="10" type="stmt"/>
            <line num="160" count="3" type="stmt"/>
            <line num="164" count="13" type="stmt"/>
            <line num="165" count="13" type="stmt"/>
            <line num="165" falsecount="3" type="cond" truecount="10"/>
            <line num="166" count="10" type="stmt"/>
            <line num="168" count="10" type="stmt"/>
            <line num="170" count="3" type="stmt"/>
            <line num="171" count="3" type="stmt"/>
            <line num="171" falsecount="0" type="cond" truecount="3"/>
            <line num="172" count="3" type="stmt"/>
            <line num="174" count="3" type="stmt"/>
            <line num="175" count="0" type="stmt"/>
            <line num="179" count="13" type="stmt"/>
            <line num="180" count="13" type="stmt"/>
            <line num="180" falsecount="0" type="cond" truecount="13"/>
            <line num="181" count="13" type="stmt"/>
            <line num="183" count="13" type="stmt"/>
            <line num="187" count="13" type="stmt"/>
            <line num="188" count="13" type="stmt"/>
            <line num="188" falsecount="0" type="cond" truecount="13"/>
            <line num="189" count="13" type="stmt"/>
            <line num="190" count="13" type="stmt"/>
            <line num="190" falsecount="0" type="cond" truecount="13"/>
            <line num="191" count="13" type="stmt"/>
            <line num="192" count="13" type="stmt"/>
            <line num="192" falsecount="0" type="cond" truecount="13"/>
            <line num="193" count="13" type="stmt"/>
            <line num="194" count="13" type="stmt"/>
            <line num="202" count="13" type="stmt"/>
         </file>
      </package>
      <package name="com.ac.games.rest.message">
         <metrics classes="2" methods="12" conditionals="0" files="2" ncloc="50" coveredstatements="0" coveredmethods="0" complexity="12" coveredconditionals="0" statements="16" loc="103" coveredelements="0" elements="28"/>
         <file name="SimpleErrorData.java" path="/Users/ac010168/Documents/umkc/ac-games-pojos/src/main/java/com/ac/games/rest/message/SimpleErrorData.java">
            <metrics classes="1" methods="6" conditionals="0" ncloc="25" coveredstatements="0" coveredmethods="0" complexity="6" coveredconditionals="0" statements="8" loc="52" coveredelements="0" elements="14"/>
            <class name="SimpleErrorData">
               <metrics methods="6" conditionals="0" coveredstatements="0" coveredmethods="0" complexity="6" coveredconditionals="0" statements="8" coveredelements="0" elements="14"/>
            </class>
            <line num="15" count="0" visibility="public" complexity="1" type="method" signature="SimpleErrorData()"/>
            <line num="16" count="0" type="stmt"/>
            <line num="17" count="0" type="stmt"/>
            <line num="20" count="0" visibility="public" complexity="1" type="method" signature="SimpleErrorData(String,String)"/>
            <line num="21" count="0" type="stmt"/>
            <line num="22" count="0" type="stmt"/>
            <line num="28" count="0" visibility="public" complexity="1" type="method" signature="getErrorType() : String"/>
            <line num="29" count="0" type="stmt"/>
            <line num="35" count="0" visibility="public" complexity="1" type="method" signature="setErrorType(String) : void"/>
            <line num="36" count="0" type="stmt"/>
            <line num="42" count="0" visibility="public" complexity="1" type="method" signature="setErrorMessage(String) : void"/>
            <line num="43" count="0" type="stmt"/>
            <line num="49" count="0" visibility="public" complexity="1" type="method" signature="getErrorMessage() : String"/>
            <line num="50" count="0" type="stmt"/>
         </file>
         <file name="SimpleMessageData.java" path="/Users/ac010168/Documents/umkc/ac-games-pojos/src/main/java/com/ac/games/rest/message/SimpleMessageData.java">
            <metrics classes="1" methods="6" conditionals="0" ncloc="25" coveredstatements="0" coveredmethods="0" complexity="6" coveredconditionals="0" statements="8" loc="51" coveredelements="0" elements="14"/>
            <class name="SimpleMessageData">
               <metrics methods="6" conditionals="0" coveredstatements="0" coveredmethods="0" complexity="6" coveredconditionals="0" statements="8" coveredelements="0" elements="14"/>
            </class>
            <line num="14" count="0" visibility="public" complexity="1" type="method" signature="SimpleMessageData()"/>
            <line num="15" count="0" type="stmt"/>
            <line num="16" count="0" type="stmt"/>
            <line num="19" count="0" visibility="public" complexity="1" type="method" signature="SimpleMessageData(String,String)"/>
            <line num="20" count="0" type="stmt"/>
            <line num="21" count="0" type="stmt"/>
            <line num="27" count="0" visibility="public" complexity="1" type="method" signature="getMessageType() : String"/>
            <line num="28" count="0" type="stmt"/>
            <line num="34" count="0" visibility="public" complexity="1" type="method" signature="getMessage() : String"/>
            <line num="35" count="0" type="stmt"/>
            <line num="41" count="0" visibility="public" complexity="1" type="method" signature="setMessageType(String) : void"/>
            <line num="42" count="0" type="stmt"/>
            <line num="48" count="0" visibility="public" complexity="1" type="method" signature="setMessage(String) : void"/>
            <line num="49" count="0" type="stmt"/>
         </file>
      </package>
      <package name="com.ac.games.exception">
         <metrics classes="1" methods="1" conditionals="0" files="1" ncloc="7" coveredstatements="1" coveredmethods="1" complexity="1" coveredconditionals="0" statements="1" loc="18" coveredelements="2" elements="2"/>
         <file name="GameNotFoundException.java" path="/Users/ac010168/Documents/umkc/ac-games-pojos/src/main/java/com/ac/games/exception/GameNotFoundException.java">
            <metrics classes="1" methods="1" conditionals="0" ncloc="7" coveredstatements="1" coveredmethods="1" complexity="1" coveredconditionals="0" statements="1" loc="18" coveredelements="2" elements="2"/>
            <class name="GameNotFoundException">
               <metrics methods="1" conditionals="0" coveredstatements="1" coveredmethods="1" complexity="1" coveredconditionals="0" statements="1" coveredelements="2" elements="2"/>
            </class>
            <line num="14" count="4" visibility="public" complexity="1" type="method" signature="GameNotFoundException(String)"/>
            <line num="15" count="4" type="stmt"/>
         </file>
      </package>
      <package name="com.ac.games.data">
         <metrics classes="41" methods="439" conditionals="128" files="41" ncloc="2743" coveredstatements="297" coveredmethods="93" complexity="700" coveredconditionals="37" statements="1456" loc="4977" coveredelements="427" elements="2023"/>
         <file name="BGGGame.java" path="/Users/ac010168/Documents/umkc/ac-games-pojos/src/main/java/com/ac/games/data/BGGGame.java">
            <metrics classes="1" methods="49" conditionals="30" ncloc="310" coveredstatements="128" coveredmethods="45" complexity="73" coveredconditionals="19" statements="181" loc="587" coveredelements="192" elements="260"/>
            <class name="BGGGame">
               <metrics methods="49" conditionals="30" coveredstatements="128" coveredmethods="45" complexity="73" coveredconditionals="19" statements="181" coveredelements="192" elements="260"/>
            </class>
            <line num="105" count="85" visibility="public" complexity="1" type="method" signature="BGGGame()"/>
            <line num="106" count="85" type="stmt"/>
            <line num="107" count="85" type="stmt"/>
            <line num="108" count="85" type="stmt"/>
            <line num="109" count="85" type="stmt"/>
            <line num="110" count="85" type="stmt"/>
            <line num="111" count="85" type="stmt"/>
            <line num="112" count="85" type="stmt"/>
            <line num="113" count="85" type="stmt"/>
            <line num="114" count="85" type="stmt"/>
            <line num="115" count="85" type="stmt"/>
            <line num="117" count="85" type="stmt"/>
            <line num="118" count="85" type="stmt"/>
            <line num="120" count="85" type="stmt"/>
            <line num="121" count="85" type="stmt"/>
            <line num="122" count="85" type="stmt"/>
            <line num="123" count="85" type="stmt"/>
            <line num="125" count="85" type="stmt"/>
            <line num="126" count="85" type="stmt"/>
            <line num="127" count="85" type="stmt"/>
            <line num="128" count="85" type="stmt"/>
            <line num="130" count="85" type="stmt"/>
            <line num="131" count="85" type="stmt"/>
            <line num="132" count="85" type="stmt"/>
            <line num="135" count="0" visibility="public" complexity="4" type="method" signature="BGGGame(String)"/>
            <line num="136" count="0" type="stmt"/>
            <line num="137" count="0" type="stmt"/>
            <line num="138" count="0" type="stmt"/>
            <line num="139" count="0" type="stmt"/>
            <line num="140" count="0" type="stmt"/>
            <line num="141" count="0" type="stmt"/>
            <line num="142" count="0" type="stmt"/>
            <line num="143" count="0" type="stmt"/>
            <line num="144" count="0" type="stmt"/>
            <line num="145" count="0" type="stmt"/>
            <line num="146" count="0" type="stmt"/>
            <line num="147" count="0" type="stmt"/>
            <line num="148" count="0" type="stmt"/>
            <line num="149" count="0" type="stmt"/>
            <line num="151" count="0" type="stmt"/>
            <line num="152" count="0" type="stmt"/>
            <line num="154" count="0" type="stmt"/>
            <line num="155" count="0" type="stmt"/>
            <line num="156" count="0" type="stmt"/>
            <line num="157" count="0" type="stmt"/>
            <line num="159" count="0" type="stmt"/>
            <line num="160" count="0" type="stmt"/>
            <line num="161" count="0" type="stmt"/>
            <line num="162" count="0" type="stmt"/>
            <line num="164" count="0" type="stmt"/>
            <line num="165" count="0" type="stmt"/>
            <line num="166" count="0" type="stmt"/>
            <line num="168" count="0" type="stmt"/>
            <line num="170" count="0" type="stmt"/>
            <line num="172" count="0" type="stmt"/>
            <line num="179" count="9" visibility="public" complexity="21" type="method" signature="printContentsForDebug() : void"/>
            <line num="180" count="9" type="stmt"/>
            <line num="181" count="9" type="stmt"/>
            <line num="182" count="9" type="stmt"/>
            <line num="183" count="9" type="stmt"/>
            <line num="184" count="9" type="stmt"/>
            <line num="185" count="9" type="stmt"/>
            <line num="186" count="9" type="stmt"/>
            <line num="187" count="9" type="stmt"/>
            <line num="188" count="9" type="stmt"/>
            <line num="189" count="9" type="stmt"/>
            <line num="191" count="9" type="stmt"/>
            <line num="191" falsecount="0" type="cond" truecount="9"/>
            <line num="192" count="9" type="stmt"/>
            <line num="193" count="9" type="stmt"/>
            <line num="194" count="23" type="stmt"/>
            <line num="195" count="0" type="stmt"/>
            <line num="197" count="9" type="stmt"/>
            <line num="197" falsecount="0" type="cond" truecount="9"/>
            <line num="198" count="9" type="stmt"/>
            <line num="199" count="9" type="stmt"/>
            <line num="200" count="14" type="stmt"/>
            <line num="201" count="0" type="stmt"/>
            <line num="203" count="9" type="stmt"/>
            <line num="203" falsecount="0" type="cond" truecount="9"/>
            <line num="204" count="9" type="stmt"/>
            <line num="205" count="9" type="stmt"/>
            <line num="206" count="20" type="stmt"/>
            <line num="207" count="0" type="stmt"/>
            <line num="209" count="9" type="stmt"/>
            <line num="209" falsecount="0" type="cond" truecount="9"/>
            <line num="210" count="9" type="stmt"/>
            <line num="211" count="9" type="stmt"/>
            <line num="212" count="12" type="stmt"/>
            <line num="213" count="0" type="stmt"/>
            <line num="215" count="9" type="stmt"/>
            <line num="216" count="7" type="stmt"/>
            <line num="216" count="7" type="stmt"/>
            <line num="216" count="7" type="stmt"/>
            <line num="217" count="1" type="stmt"/>
            <line num="217" count="1" type="stmt"/>
            <line num="217" count="1" type="stmt"/>
            <line num="218" count="1" type="stmt"/>
            <line num="218" count="1" type="stmt"/>
            <line num="218" count="1" type="stmt"/>
            <line num="219" count="0" type="stmt"/>
            <line num="219" count="0" type="stmt"/>
            <line num="222" count="9" type="stmt"/>
            <line num="222" falsecount="2" type="cond" truecount="7"/>
            <line num="223" count="7" type="stmt"/>
            <line num="223" falsecount="4" type="cond" truecount="3"/>
            <line num="224" count="7" type="stmt"/>
            <line num="225" count="7" type="stmt"/>
            <line num="225" falsecount="6" type="cond" truecount="1"/>
            <line num="226" count="1" type="stmt"/>
            <line num="227" count="1" type="stmt"/>
            <line num="228" count="5" type="stmt"/>
            <line num="229" count="6" type="stmt"/>
            <line num="230" count="2" type="stmt"/>
            <line num="230" falsecount="1" type="cond" truecount="1"/>
            <line num="231" count="1" type="stmt"/>
            <line num="231" falsecount="1" type="cond" truecount="0"/>
            <line num="232" count="1" type="stmt"/>
            <line num="233" count="1" type="stmt"/>
            <line num="233" falsecount="0" type="cond" truecount="1"/>
            <line num="234" count="1" type="stmt"/>
            <line num="235" count="1" type="stmt"/>
            <line num="236" count="3" type="stmt"/>
            <line num="237" count="0" type="stmt"/>
            <line num="238" count="1" type="stmt"/>
            <line num="238" falsecount="0" type="cond" truecount="1"/>
            <line num="239" count="1" type="stmt"/>
            <line num="240" count="1" type="stmt"/>
            <line num="241" count="1" type="stmt"/>
            <line num="244" count="9" type="stmt"/>
            <line num="244" falsecount="0" type="cond" truecount="9"/>
            <line num="245" count="9" type="stmt"/>
            <line num="247" count="0" type="stmt"/>
            <line num="248" count="0" type="stmt"/>
            <line num="248" count="0" type="stmt"/>
            <line num="248" count="0" type="stmt"/>
            <line num="249" count="0" type="stmt"/>
            <line num="249" count="0" type="stmt"/>
            <line num="249" count="0" type="stmt"/>
            <line num="250" count="0" type="stmt"/>
            <line num="250" count="0" type="stmt"/>
            <line num="250" count="0" type="stmt"/>
            <line num="253" count="9" type="stmt"/>
            <line num="253" count="0" type="stmt"/>
            <line num="253" falsecount="9" type="cond" truecount="0"/>
            <line num="254" count="9" type="stmt"/>
            <line num="255" count="9" type="stmt"/>
            <line num="255" count="0" type="stmt"/>
            <line num="255" falsecount="9" type="cond" truecount="0"/>
            <line num="256" count="9" type="stmt"/>
            <line num="262" count="85" visibility="public" complexity="1" type="method" signature="getBggID() : long"/>
            <line num="263" count="85" type="stmt"/>
            <line num="269" count="85" visibility="public" complexity="1" type="method" signature="setBggID(long) : void"/>
            <line num="270" count="85" type="stmt"/>
            <line num="276" count="85" visibility="public" complexity="1" type="method" signature="getName() : String"/>
            <line num="277" count="85" type="stmt"/>
            <line num="283" count="85" visibility="public" complexity="1" type="method" signature="setName(String) : void"/>
            <line num="284" count="85" type="stmt"/>
            <line num="290" count="9" visibility="public" complexity="1" type="method" signature="getYearPublished() : int"/>
            <line num="291" count="9" type="stmt"/>
            <line num="297" count="83" visibility="public" complexity="1" type="method" signature="setYearPublished(int) : void"/>
            <line num="298" count="83" type="stmt"/>
            <line num="304" count="9" visibility="public" complexity="1" type="method" signature="getMinPlayers() : int"/>
            <line num="305" count="9" type="stmt"/>
            <line num="311" count="83" visibility="public" complexity="1" type="method" signature="setMinPlayers(int) : void"/>
            <line num="312" count="83" type="stmt"/>
            <line num="318" count="9" visibility="public" complexity="1" type="method" signature="getMaxPlayers() : int"/>
            <line num="319" count="9" type="stmt"/>
            <line num="325" count="83" visibility="public" complexity="1" type="method" signature="setMaxPlayers(int) : void"/>
            <line num="326" count="83" type="stmt"/>
            <line num="332" count="9" visibility="public" complexity="1" type="method" signature="getMinPlayingTime() : int"/>
            <line num="333" count="9" type="stmt"/>
            <line num="339" count="83" visibility="public" complexity="1" type="method" signature="setMinPlayingTime(int) : void"/>
            <line num="340" count="83" type="stmt"/>
            <line num="346" count="9" visibility="public" complexity="1" type="method" signature="getMaxPlayingTime() : int"/>
            <line num="347" count="9" type="stmt"/>
            <line num="353" count="83" visibility="public" complexity="1" type="method" signature="setMaxPlayingTime(int) : void"/>
            <line num="354" count="83" type="stmt"/>
            <line num="360" count="9" visibility="public" complexity="1" type="method" signature="getImageURL() : String"/>
            <line num="361" count="9" type="stmt"/>
            <line num="367" count="78" visibility="public" complexity="1" type="method" signature="setImageURL(String) : void"/>
            <line num="368" count="78" type="stmt"/>
            <line num="374" count="9" visibility="public" complexity="1" type="method" signature="getImageThumbnailURL() : String"/>
            <line num="375" count="9" type="stmt"/>
            <line num="381" count="78" visibility="public" complexity="1" type="method" signature="setImageThumbnailURL(String) : void"/>
            <line num="382" count="78" type="stmt"/>
            <line num="388" count="9" visibility="public" complexity="1" type="method" signature="getDescription() : String"/>
            <line num="389" count="9" type="stmt"/>
            <line num="398" count="85" visibility="public" complexity="2" type="method" signature="setDescription(String) : void"/>
            <line num="399" count="85" type="stmt"/>
            <line num="399" falsecount="85" type="cond" truecount="0"/>
            <line num="400" count="0" type="stmt"/>
            <line num="402" count="85" type="stmt"/>
            <line num="409" count="9" visibility="public" complexity="1" type="method" signature="getBggRating() : double"/>
            <line num="410" count="9" type="stmt"/>
            <line num="416" count="84" visibility="public" complexity="1" type="method" signature="setBggRating(double) : void"/>
            <line num="417" count="84" type="stmt"/>
            <line num="423" count="9" visibility="public" complexity="1" type="method" signature="getBggRatingUsers() : int"/>
            <line num="424" count="9" type="stmt"/>
            <line num="430" count="84" visibility="public" complexity="1" type="method" signature="setBggRatingUsers(int) : void"/>
            <line num="431" count="84" type="stmt"/>
            <line num="437" count="9" visibility="public" complexity="1" type="method" signature="getPublishers() : List&lt;String&gt;"/>
            <line num="438" count="9" type="stmt"/>
            <line num="444" count="85" visibility="public" complexity="1" type="method" signature="setPublishers(List&lt;String&gt;) : void"/>
            <line num="445" count="85" type="stmt"/>
            <line num="451" count="9" visibility="public" complexity="1" type="method" signature="getDesigners() : List&lt;String&gt;"/>
            <line num="452" count="9" type="stmt"/>
            <line num="458" count="85" visibility="public" complexity="1" type="method" signature="setDesigners(List&lt;String&gt;) : void"/>
            <line num="459" count="85" type="stmt"/>
            <line num="465" count="9" visibility="public" complexity="1" type="method" signature="getCategories() : List&lt;String&gt;"/>
            <line num="466" count="9" type="stmt"/>
            <line num="472" count="85" visibility="public" complexity="1" type="method" signature="setCategories(List&lt;String&gt;) : void"/>
            <line num="473" count="85" type="stmt"/>
            <line num="479" count="9" visibility="public" complexity="1" type="method" signature="getMechanisms() : List&lt;String&gt;"/>
            <line num="480" count="9" type="stmt"/>
            <line num="486" count="85" visibility="public" complexity="1" type="method" signature="setMechanisms(List&lt;String&gt;) : void"/>
            <line num="487" count="85" type="stmt"/>
            <line num="493" count="13" visibility="public" complexity="1" type="method" signature="getBggRank() : int"/>
            <line num="494" count="13" type="stmt"/>
            <line num="500" count="79" visibility="public" complexity="1" type="method" signature="setBggRank(int) : void"/>
            <line num="501" count="79" type="stmt"/>
            <line num="507" count="8" visibility="public" complexity="1" type="method" signature="getExpansionIDs() : List&lt;Long&gt;"/>
            <line num="508" count="8" type="stmt"/>
            <line num="514" count="7" visibility="public" complexity="1" type="method" signature="setExpansionIDs(List&lt;Long&gt;) : void"/>
            <line num="515" count="7" type="stmt"/>
            <line num="521" count="1" visibility="public" complexity="1" type="method" signature="getParentGameID() : long"/>
            <line num="522" count="1" type="stmt"/>
            <line num="528" count="4" visibility="public" complexity="1" type="method" signature="setParentGameID(long) : void"/>
            <line num="529" count="4" type="stmt"/>
            <line num="535" count="18" visibility="public" complexity="1" type="method" signature="getGameType() : GameType"/>
            <line num="536" count="18" type="stmt"/>
            <line num="542" count="85" visibility="public" complexity="1" type="method" signature="setGameType(GameType) : void"/>
            <line num="543" count="85" type="stmt"/>
            <line num="549" count="9" visibility="public" complexity="1" type="method" signature="getReviewState() : ReviewState"/>
            <line num="550" count="9" type="stmt"/>
            <line num="556" count="0" visibility="public" complexity="1" type="method" signature="setReviewState(ReviewState) : void"/>
            <line num="557" count="0" type="stmt"/>
            <line num="563" count="9" visibility="public" complexity="1" type="method" signature="getAddDate() : Date"/>
            <line num="564" count="9" type="stmt"/>
            <line num="570" count="0" visibility="public" complexity="1" type="method" signature="setAddDate(Date) : void"/>
            <line num="571" count="0" type="stmt"/>
            <line num="577" count="9" visibility="public" complexity="1" type="method" signature="getReviewDate() : Date"/>
            <line num="578" count="9" type="stmt"/>
            <line num="584" count="0" visibility="public" complexity="1" type="method" signature="setReviewDate(Date) : void"/>
            <line num="585" count="0" type="stmt"/>
         </file>
         <file name="BGGGameStats.java" path="/Users/ac010168/Documents/umkc/ac-games-pojos/src/main/java/com/ac/games/data/BGGGameStats.java">
            <metrics classes="1" methods="14" conditionals="0" ncloc="77" coveredstatements="0" coveredmethods="0" complexity="17" coveredconditionals="0" statements="31" loc="136" coveredelements="0" elements="45"/>
            <class name="BGGGameStats">
               <metrics methods="14" conditionals="0" coveredstatements="0" coveredmethods="0" complexity="17" coveredconditionals="0" statements="31" coveredelements="0" elements="45"/>
            </class>
            <line num="24" count="0" visibility="public" complexity="1" type="method" signature="BGGGameStats()"/>
            <line num="25" count="0" type="stmt"/>
            <line num="26" count="0" type="stmt"/>
            <line num="27" count="0" type="stmt"/>
            <line num="28" count="0" type="stmt"/>
            <line num="29" count="0" type="stmt"/>
            <line num="30" count="0" type="stmt"/>
            <line num="33" count="0" visibility="public" complexity="4" type="method" signature="BGGGameStats(String)"/>
            <line num="34" count="0" type="stmt"/>
            <line num="35" count="0" type="stmt"/>
            <line num="36" count="0" type="stmt"/>
            <line num="37" count="0" type="stmt"/>
            <line num="38" count="0" type="stmt"/>
            <line num="39" count="0" type="stmt"/>
            <line num="40" count="0" type="stmt"/>
            <line num="41" count="0" type="stmt"/>
            <line num="42" count="0" type="stmt"/>
            <line num="43" count="0" type="stmt"/>
            <line num="45" count="0" type="stmt"/>
            <line num="47" count="0" type="stmt"/>
            <line num="49" count="0" type="stmt"/>
            <line num="56" count="0" visibility="public" complexity="1" type="method" signature="getBaseGameCount() : int"/>
            <line num="57" count="0" type="stmt"/>
            <line num="63" count="0" visibility="public" complexity="1" type="method" signature="setBaseGameCount(int) : void"/>
            <line num="64" count="0" type="stmt"/>
            <line num="70" count="0" visibility="public" complexity="1" type="method" signature="getExpansionGameCount() : int"/>
            <line num="71" count="0" type="stmt"/>
            <line num="77" count="0" visibility="public" complexity="1" type="method" signature="setExpansionGameCount(int) : void"/>
            <line num="78" count="0" type="stmt"/>
            <line num="84" count="0" visibility="public" complexity="1" type="method" signature="getCollectibleGameCount() : int"/>
            <line num="85" count="0" type="stmt"/>
            <line num="91" count="0" visibility="public" complexity="1" type="method" signature="setCollectibleGameCount(int) : void"/>
            <line num="92" count="0" type="stmt"/>
            <line num="98" count="0" visibility="public" complexity="1" type="method" signature="getApprovedCount() : int"/>
            <line num="99" count="0" type="stmt"/>
            <line num="105" count="0" visibility="public" complexity="1" type="method" signature="setApprovedCount(int) : void"/>
            <line num="106" count="0" type="stmt"/>
            <line num="112" count="0" visibility="public" complexity="1" type="method" signature="getRejectedCount() : int"/>
            <line num="113" count="0" type="stmt"/>
            <line num="119" count="0" visibility="public" complexity="1" type="method" signature="setRejectedCount(int) : void"/>
            <line num="120" count="0" type="stmt"/>
            <line num="126" count="0" visibility="public" complexity="1" type="method" signature="getPendingCount() : int"/>
            <line num="127" count="0" type="stmt"/>
            <line num="133" count="0" visibility="public" complexity="1" type="method" signature="setPendingCount(int) : void"/>
            <line num="134" count="0" type="stmt"/>
         </file>
         <file name="BGGIDOnlyData.java" path="/Users/ac010168/Documents/umkc/ac-games-pojos/src/main/java/com/ac/games/data/BGGIDOnlyData.java">
            <metrics classes="1" methods="5" conditionals="0" ncloc="36" coveredstatements="0" coveredmethods="0" complexity="8" coveredconditionals="0" statements="12" loc="58" coveredelements="0" elements="17"/>
            <class name="BGGIDOnlyData">
               <metrics methods="5" conditionals="0" coveredstatements="0" coveredmethods="0" complexity="8" coveredconditionals="0" statements="12" coveredelements="0" elements="17"/>
            </class>
            <line num="22" count="0" visibility="public" complexity="1" type="method" signature="BGGIDOnlyData()"/>
            <line num="23" count="0" type="stmt"/>
            <line num="26" count="0" visibility="public" complexity="1" type="method" signature="BGGIDOnlyData(long)"/>
            <line num="27" count="0" type="stmt"/>
            <line num="30" count="0" visibility="public" complexity="4" type="method" signature="BGGIDOnlyData(String)"/>
            <line num="31" count="0" type="stmt"/>
            <line num="32" count="0" type="stmt"/>
            <line num="33" count="0" type="stmt"/>
            <line num="34" count="0" type="stmt"/>
            <line num="35" count="0" type="stmt"/>
            <line num="37" count="0" type="stmt"/>
            <line num="39" count="0" type="stmt"/>
            <line num="41" count="0" type="stmt"/>
            <line num="48" count="0" visibility="public" complexity="1" type="method" signature="getBggID() : long"/>
            <line num="49" count="0" type="stmt"/>
            <line num="55" count="0" visibility="public" complexity="1" type="method" signature="setBggID(long) : void"/>
            <line num="56" count="0" type="stmt"/>
         </file>
         <file name="CSIDataStats.java" path="/Users/ac010168/Documents/umkc/ac-games-pojos/src/main/java/com/ac/games/data/CSIDataStats.java">
            <metrics classes="1" methods="26" conditionals="0" ncloc="131" coveredstatements="0" coveredmethods="0" complexity="29" coveredconditionals="0" statements="55" loc="239" coveredelements="0" elements="81"/>
            <class name="CSIDataStats">
               <metrics methods="26" conditionals="0" coveredstatements="0" coveredmethods="0" complexity="29" coveredconditionals="0" statements="55" coveredelements="0" elements="81"/>
            </class>
            <line num="31" count="0" visibility="public" complexity="1" type="method" signature="CSIDataStats()"/>
            <line num="32" count="0" type="stmt"/>
            <line num="33" count="0" type="stmt"/>
            <line num="34" count="0" type="stmt"/>
            <line num="35" count="0" type="stmt"/>
            <line num="36" count="0" type="stmt"/>
            <line num="37" count="0" type="stmt"/>
            <line num="38" count="0" type="stmt"/>
            <line num="39" count="0" type="stmt"/>
            <line num="40" count="0" type="stmt"/>
            <line num="41" count="0" type="stmt"/>
            <line num="42" count="0" type="stmt"/>
            <line num="43" count="0" type="stmt"/>
            <line num="46" count="0" visibility="public" complexity="4" type="method" signature="CSIDataStats(String)"/>
            <line num="47" count="0" type="stmt"/>
            <line num="48" count="0" type="stmt"/>
            <line num="49" count="0" type="stmt"/>
            <line num="50" count="0" type="stmt"/>
            <line num="51" count="0" type="stmt"/>
            <line num="52" count="0" type="stmt"/>
            <line num="53" count="0" type="stmt"/>
            <line num="54" count="0" type="stmt"/>
            <line num="55" count="0" type="stmt"/>
            <line num="56" count="0" type="stmt"/>
            <line num="57" count="0" type="stmt"/>
            <line num="58" count="0" type="stmt"/>
            <line num="59" count="0" type="stmt"/>
            <line num="60" count="0" type="stmt"/>
            <line num="61" count="0" type="stmt"/>
            <line num="62" count="0" type="stmt"/>
            <line num="64" count="0" type="stmt"/>
            <line num="66" count="0" type="stmt"/>
            <line num="68" count="0" type="stmt"/>
            <line num="75" count="0" visibility="public" complexity="1" type="method" signature="getBoardGameCount() : int"/>
            <line num="76" count="0" type="stmt"/>
            <line num="82" count="0" visibility="public" complexity="1" type="method" signature="setBoardGameCount(int) : void"/>
            <line num="83" count="0" type="stmt"/>
            <line num="89" count="0" visibility="public" complexity="1" type="method" signature="getCollectibleGameCount() : int"/>
            <line num="90" count="0" type="stmt"/>
            <line num="96" count="0" visibility="public" complexity="1" type="method" signature="setCollectibleGameCount(int) : void"/>
            <line num="97" count="0" type="stmt"/>
            <line num="103" count="0" visibility="public" complexity="1" type="method" signature="getDiceMastersCount() : int"/>
            <line num="104" count="0" type="stmt"/>
            <line num="110" count="0" visibility="public" complexity="1" type="method" signature="setDiceMastersCount(int) : void"/>
            <line num="111" count="0" type="stmt"/>
            <line num="117" count="0" visibility="public" complexity="1" type="method" signature="getRpgCount() : int"/>
            <line num="118" count="0" type="stmt"/>
            <line num="124" count="0" visibility="public" complexity="1" type="method" signature="setRpgCount(int) : void"/>
            <line num="125" count="0" type="stmt"/>
            <line num="131" count="0" visibility="public" complexity="1" type="method" signature="getLcgCount() : int"/>
            <line num="132" count="0" type="stmt"/>
            <line num="138" count="0" visibility="public" complexity="1" type="method" signature="setLcgCount(int) : void"/>
            <line num="139" count="0" type="stmt"/>
            <line num="145" count="0" visibility="public" complexity="1" type="method" signature="getSuppliesCount() : int"/>
            <line num="146" count="0" type="stmt"/>
            <line num="152" count="0" visibility="public" complexity="1" type="method" signature="setSuppliesCount(int) : void"/>
            <line num="153" count="0" type="stmt"/>
            <line num="159" count="0" visibility="public" complexity="1" type="method" signature="getMiniatureCount() : int"/>
            <line num="160" count="0" type="stmt"/>
            <line num="166" count="0" visibility="public" complexity="1" type="method" signature="setMiniatureCount(int) : void"/>
            <line num="167" count="0" type="stmt"/>
            <line num="173" count="0" visibility="public" complexity="1" type="method" signature="getVideoGameCount() : int"/>
            <line num="174" count="0" type="stmt"/>
            <line num="180" count="0" visibility="public" complexity="1" type="method" signature="setVideoGameCount(int) : void"/>
            <line num="181" count="0" type="stmt"/>
            <line num="187" count="0" visibility="public" complexity="1" type="method" signature="getUnknownCount() : int"/>
            <line num="188" count="0" type="stmt"/>
            <line num="194" count="0" visibility="public" complexity="1" type="method" signature="setUnknownCount(int) : void"/>
            <line num="195" count="0" type="stmt"/>
            <line num="201" count="0" visibility="public" complexity="1" type="method" signature="getApprovedCount() : int"/>
            <line num="202" count="0" type="stmt"/>
            <line num="208" count="0" visibility="public" complexity="1" type="method" signature="setApprovedCount(int) : void"/>
            <line num="209" count="0" type="stmt"/>
            <line num="215" count="0" visibility="public" complexity="1" type="method" signature="getRejectedCount() : int"/>
            <line num="216" count="0" type="stmt"/>
            <line num="222" count="0" visibility="public" complexity="1" type="method" signature="setRejectedCount(int) : void"/>
            <line num="223" count="0" type="stmt"/>
            <line num="229" count="0" visibility="public" complexity="1" type="method" signature="getPendingCount() : int"/>
            <line num="230" count="0" type="stmt"/>
            <line num="236" count="0" visibility="public" complexity="1" type="method" signature="setPendingCount(int) : void"/>
            <line num="237" count="0" type="stmt"/>
         </file>
         <file name="CSIIDOnlyData.java" path="/Users/ac010168/Documents/umkc/ac-games-pojos/src/main/java/com/ac/games/data/CSIIDOnlyData.java">
            <metrics classes="1" methods="4" conditionals="0" ncloc="16" coveredstatements="0" coveredmethods="0" complexity="4" coveredconditionals="0" statements="4" loc="35" coveredelements="0" elements="8"/>
            <class name="CSIIDOnlyData">
               <metrics methods="4" conditionals="0" coveredstatements="0" coveredmethods="0" complexity="4" coveredconditionals="0" statements="4" coveredelements="0" elements="8"/>
            </class>
            <line num="14" count="0" visibility="public" complexity="1" type="method" signature="CSIIDOnlyData()"/>
            <line num="15" count="0" type="stmt"/>
            <line num="18" count="0" visibility="public" complexity="1" type="method" signature="CSIIDOnlyData(long)"/>
            <line num="19" count="0" type="stmt"/>
            <line num="25" count="0" visibility="public" complexity="1" type="method" signature="getCsiID() : long"/>
            <line num="26" count="0" type="stmt"/>
            <line num="32" count="0" visibility="public" complexity="1" type="method" signature="setCsiID(long) : void"/>
            <line num="33" count="0" type="stmt"/>
         </file>
         <file name="Collection.java" path="/Users/ac010168/Documents/umkc/ac-games-pojos/src/main/java/com/ac/games/data/Collection.java">
            <metrics classes="1" methods="15" conditionals="24" ncloc="103" coveredstatements="0" coveredmethods="0" complexity="30" coveredconditionals="0" statements="60" loc="168" coveredelements="0" elements="99"/>
            <class name="Collection">
               <metrics methods="15" conditionals="24" coveredstatements="0" coveredmethods="0" complexity="30" coveredconditionals="0" statements="60" coveredelements="0" elements="99"/>
            </class>
            <line num="28" count="0" visibility="public" complexity="1" type="method" signature="Collection()"/>
            <line num="29" count="0" type="stmt"/>
            <line num="30" count="0" type="stmt"/>
            <line num="31" count="0" type="stmt"/>
            <line num="32" count="0" type="stmt"/>
            <line num="33" count="0" type="stmt"/>
            <line num="36" count="0" visibility="public" complexity="4" type="method" signature="Collection(String)"/>
            <line num="37" count="0" type="stmt"/>
            <line num="38" count="0" type="stmt"/>
            <line num="39" count="0" type="stmt"/>
            <line num="40" count="0" type="stmt"/>
            <line num="41" count="0" type="stmt"/>
            <line num="42" count="0" type="stmt"/>
            <line num="43" count="0" type="stmt"/>
            <line num="44" count="0" type="stmt"/>
            <line num="45" count="0" type="stmt"/>
            <line num="47" count="0" type="stmt"/>
            <line num="49" count="0" type="stmt"/>
            <line num="51" count="0" type="stmt"/>
            <line num="60" count="0" visibility="public" complexity="1" type="method" signature="Collection(long)"/>
            <line num="61" count="0" type="stmt"/>
            <line num="62" count="0" type="stmt"/>
            <line num="63" count="0" type="stmt"/>
            <line num="64" count="0" type="stmt"/>
            <line num="65" count="0" type="stmt"/>
            <line num="68" count="0" visibility="public" complexity="7" type="method" signature="addGame(CollectionItem) : void"/>
            <line num="69" count="0" type="stmt"/>
            <line num="69" count="0" type="stmt"/>
            <line num="69" falsecount="0" type="cond" truecount="0"/>
            <line num="70" count="0" type="stmt"/>
            <line num="70" count="0" type="stmt"/>
            <line num="70" falsecount="0" type="cond" truecount="0"/>
            <line num="73" count="0" type="stmt"/>
            <line num="74" count="0" type="stmt"/>
            <line num="74" falsecount="0" type="cond" truecount="0"/>
            <line num="75" count="0" type="stmt"/>
            <line num="78" count="0" type="stmt"/>
            <line num="79" count="0" type="stmt"/>
            <line num="79" count="0" type="stmt"/>
            <line num="79" falsecount="0" type="cond" truecount="0"/>
            <line num="80" count="0" type="stmt"/>
            <line num="80" count="0" type="stmt"/>
            <line num="80" falsecount="0" type="cond" truecount="0"/>
            <line num="81" count="0" type="stmt"/>
            <line num="81" count="0" type="stmt"/>
            <line num="81" falsecount="0" type="cond" truecount="0"/>
            <line num="84" count="0" visibility="public" complexity="7" type="method" signature="removeGame(CollectionItem) : void"/>
            <line num="85" count="0" type="stmt"/>
            <line num="85" count="0" type="stmt"/>
            <line num="85" falsecount="0" type="cond" truecount="0"/>
            <line num="86" count="0" type="stmt"/>
            <line num="86" count="0" type="stmt"/>
            <line num="86" falsecount="0" type="cond" truecount="0"/>
            <line num="88" count="0" type="stmt"/>
            <line num="89" count="0" type="stmt"/>
            <line num="89" falsecount="0" type="cond" truecount="0"/>
            <line num="90" count="0" type="stmt"/>
            <line num="91" count="0" type="stmt"/>
            <line num="91" count="0" type="stmt"/>
            <line num="91" falsecount="0" type="cond" truecount="0"/>
            <line num="92" count="0" type="stmt"/>
            <line num="92" count="0" type="stmt"/>
            <line num="92" falsecount="0" type="cond" truecount="0"/>
            <line num="93" count="0" type="stmt"/>
            <line num="93" count="0" type="stmt"/>
            <line num="93" falsecount="0" type="cond" truecount="0"/>
            <line num="94" count="0" type="stmt"/>
            <line num="102" count="0" visibility="public" complexity="1" type="method" signature="getCollectionID() : long"/>
            <line num="103" count="0" type="stmt"/>
            <line num="109" count="0" visibility="public" complexity="1" type="method" signature="setCollectionID(long) : void"/>
            <line num="110" count="0" type="stmt"/>
            <line num="116" count="0" visibility="public" complexity="1" type="method" signature="getGames() : List&lt;CollectionItem&gt;"/>
            <line num="117" count="0" type="stmt"/>
            <line num="123" count="0" visibility="public" complexity="1" type="method" signature="setGames(List&lt;CollectionItem&gt;) : void"/>
            <line num="124" count="0" type="stmt"/>
            <line num="130" count="0" visibility="public" complexity="1" type="method" signature="getBaseGameCount() : int"/>
            <line num="131" count="0" type="stmt"/>
            <line num="137" count="0" visibility="public" complexity="1" type="method" signature="setBaseGameCount(int) : void"/>
            <line num="138" count="0" type="stmt"/>
            <line num="144" count="0" visibility="public" complexity="1" type="method" signature="getCollectibleGameCount() : int"/>
            <line num="145" count="0" type="stmt"/>
            <line num="151" count="0" visibility="public" complexity="1" type="method" signature="setCollectibleGameCount(int) : void"/>
            <line num="152" count="0" type="stmt"/>
            <line num="158" count="0" visibility="public" complexity="1" type="method" signature="getExpansionGameCount() : int"/>
            <line num="159" count="0" type="stmt"/>
            <line num="165" count="0" visibility="public" complexity="1" type="method" signature="setExpansionGameCount(int) : void"/>
            <line num="166" count="0" type="stmt"/>
         </file>
         <file name="CollectionItem.java" path="/Users/ac010168/Documents/umkc/ac-games-pojos/src/main/java/com/ac/games/data/CollectionItem.java">
            <metrics classes="1" methods="25" conditionals="0" ncloc="124" coveredstatements="0" coveredmethods="0" complexity="28" coveredconditionals="0" statements="47" loc="242" coveredelements="0" elements="72"/>
            <class name="CollectionItem">
               <metrics methods="25" conditionals="0" coveredstatements="0" coveredmethods="0" complexity="28" coveredconditionals="0" statements="47" coveredelements="0" elements="72"/>
            </class>
            <line num="46" count="0" visibility="public" complexity="1" type="method" signature="CollectionItem()"/>
            <line num="47" count="0" type="stmt"/>
            <line num="48" count="0" type="stmt"/>
            <line num="49" count="0" type="stmt"/>
            <line num="50" count="0" type="stmt"/>
            <line num="51" count="0" type="stmt"/>
            <line num="52" count="0" type="stmt"/>
            <line num="54" count="0" type="stmt"/>
            <line num="55" count="0" type="stmt"/>
            <line num="56" count="0" type="stmt"/>
            <line num="57" count="0" type="stmt"/>
            <line num="59" count="0" type="stmt"/>
            <line num="62" count="0" visibility="public" complexity="4" type="method" signature="CollectionItem(String)"/>
            <line num="63" count="0" type="stmt"/>
            <line num="64" count="0" type="stmt"/>
            <line num="65" count="0" type="stmt"/>
            <line num="66" count="0" type="stmt"/>
            <line num="67" count="0" type="stmt"/>
            <line num="68" count="0" type="stmt"/>
            <line num="69" count="0" type="stmt"/>
            <line num="70" count="0" type="stmt"/>
            <line num="71" count="0" type="stmt"/>
            <line num="72" count="0" type="stmt"/>
            <line num="74" count="0" type="stmt"/>
            <line num="76" count="0" type="stmt"/>
            <line num="78" count="0" type="stmt"/>
            <line num="85" count="0" visibility="public" complexity="1" type="method" signature="getItemID() : long"/>
            <line num="86" count="0" type="stmt"/>
            <line num="92" count="0" visibility="public" complexity="1" type="method" signature="setItemID(long) : void"/>
            <line num="93" count="0" type="stmt"/>
            <line num="99" count="0" visibility="public" complexity="1" type="method" signature="getGameID() : long"/>
            <line num="100" count="0" type="stmt"/>
            <line num="106" count="0" visibility="public" complexity="1" type="method" signature="setGameID(long) : void"/>
            <line num="107" count="0" type="stmt"/>
            <line num="113" count="0" visibility="public" complexity="1" type="method" signature="getWeights() : List&lt;GameWeight&gt;"/>
            <line num="114" count="0" type="stmt"/>
            <line num="120" count="0" visibility="public" complexity="1" type="method" signature="setWeights(List&lt;GameWeight&gt;) : void"/>
            <line num="121" count="0" type="stmt"/>
            <line num="127" count="0" visibility="public" complexity="1" type="method" signature="getDateAcquired() : Date"/>
            <line num="128" count="0" type="stmt"/>
            <line num="134" count="0" visibility="public" complexity="1" type="method" signature="setDateAcquired(Date) : void"/>
            <line num="135" count="0" type="stmt"/>
            <line num="141" count="0" visibility="public" complexity="1" type="method" signature="getWhereAcquired() : String"/>
            <line num="142" count="0" type="stmt"/>
            <line num="148" count="0" visibility="public" complexity="1" type="method" signature="setWhereAcquired(String) : void"/>
            <line num="149" count="0" type="stmt"/>
            <line num="155" count="0" visibility="public" complexity="1" type="method" signature="getGame() : Game"/>
            <line num="156" count="0" type="stmt"/>
            <line num="162" count="0" visibility="public" complexity="1" type="method" signature="setGame(Game) : void"/>
            <line num="163" count="0" type="stmt"/>
            <line num="169" count="0" visibility="public" complexity="1" type="method" signature="compareTo(CollectionItem) : int"/>
            <line num="170" count="0" type="stmt"/>
            <line num="176" count="0" visibility="public" complexity="1" type="method" signature="getOverrideMinPlayers() : int"/>
            <line num="177" count="0" type="stmt"/>
            <line num="183" count="0" visibility="public" complexity="1" type="method" signature="setOverrideMinPlayers(int) : void"/>
            <line num="184" count="0" type="stmt"/>
            <line num="190" count="0" visibility="public" complexity="1" type="method" signature="getOverrideMaxPlayers() : int"/>
            <line num="191" count="0" type="stmt"/>
            <line num="197" count="0" visibility="public" complexity="1" type="method" signature="setOverrideMaxPlayers(int) : void"/>
            <line num="198" count="0" type="stmt"/>
            <line num="204" count="0" visibility="public" complexity="1" type="method" signature="getOverrideMinTime() : int"/>
            <line num="205" count="0" type="stmt"/>
            <line num="211" count="0" visibility="public" complexity="1" type="method" signature="setOverrideMinTime(int) : void"/>
            <line num="212" count="0" type="stmt"/>
            <line num="218" count="0" visibility="public" complexity="1" type="method" signature="getOverrideMaxTime() : int"/>
            <line num="219" count="0" type="stmt"/>
            <line num="225" count="0" visibility="public" complexity="1" type="method" signature="setOverrideMaxTime(int) : void"/>
            <line num="226" count="0" type="stmt"/>
            <line num="232" count="0" visibility="public" complexity="1" type="method" signature="getExpansionList() : List&lt;CompactSearchData&gt;"/>
            <line num="233" count="0" type="stmt"/>
            <line num="239" count="0" visibility="public" complexity="1" type="method" signature="setExpansionList(List&lt;CompactSearchData&gt;) : void"/>
            <line num="240" count="0" type="stmt"/>
         </file>
         <file name="CompactPriceData.java" path="/Users/ac010168/Documents/umkc/ac-games-pojos/src/main/java/com/ac/games/data/CompactPriceData.java">
            <metrics classes="1" methods="10" conditionals="0" ncloc="60" coveredstatements="0" coveredmethods="0" complexity="13" coveredconditionals="0" statements="23" loc="106" coveredelements="0" elements="33"/>
            <class name="CompactPriceData">
               <metrics methods="10" conditionals="0" coveredstatements="0" coveredmethods="0" complexity="13" coveredconditionals="0" statements="23" coveredelements="0" elements="33"/>
            </class>
            <line num="26" count="0" visibility="public" complexity="1" type="method" signature="CompactPriceData()"/>
            <line num="27" count="0" type="stmt"/>
            <line num="28" count="0" type="stmt"/>
            <line num="29" count="0" type="stmt"/>
            <line num="30" count="0" type="stmt"/>
            <line num="33" count="0" visibility="public" complexity="4" type="method" signature="CompactPriceData(String)"/>
            <line num="34" count="0" type="stmt"/>
            <line num="35" count="0" type="stmt"/>
            <line num="36" count="0" type="stmt"/>
            <line num="37" count="0" type="stmt"/>
            <line num="38" count="0" type="stmt"/>
            <line num="39" count="0" type="stmt"/>
            <line num="40" count="0" type="stmt"/>
            <line num="41" count="0" type="stmt"/>
            <line num="43" count="0" type="stmt"/>
            <line num="45" count="0" type="stmt"/>
            <line num="47" count="0" type="stmt"/>
            <line num="54" count="0" visibility="public" complexity="1" type="method" signature="getTitleDisplay() : String"/>
            <line num="55" count="0" type="stmt"/>
            <line num="61" count="0" visibility="public" complexity="1" type="method" signature="setTitleDisplay(String) : void"/>
            <line num="62" count="0" type="stmt"/>
            <line num="68" count="0" visibility="public" complexity="1" type="method" signature="getPriceDisplay() : String"/>
            <line num="69" count="0" type="stmt"/>
            <line num="75" count="0" visibility="public" complexity="1" type="method" signature="setPriceDisplay(String) : void"/>
            <line num="76" count="0" type="stmt"/>
            <line num="82" count="0" visibility="public" complexity="1" type="method" signature="getLinkURL() : String"/>
            <line num="83" count="0" type="stmt"/>
            <line num="89" count="0" visibility="public" complexity="1" type="method" signature="setLinkURL(String) : void"/>
            <line num="90" count="0" type="stmt"/>
            <line num="96" count="0" visibility="public" complexity="1" type="method" signature="getThumbnailURL() : String"/>
            <line num="97" count="0" type="stmt"/>
            <line num="103" count="0" visibility="public" complexity="1" type="method" signature="setThumbnailURL(String) : void"/>
            <line num="104" count="0" type="stmt"/>
         </file>
         <file name="CompactSearchData.java" path="/Users/ac010168/Documents/umkc/ac-games-pojos/src/main/java/com/ac/games/data/CompactSearchData.java">
            <metrics classes="1" methods="10" conditionals="0" ncloc="60" coveredstatements="0" coveredmethods="0" complexity="13" coveredconditionals="0" statements="23" loc="106" coveredelements="0" elements="33"/>
            <class name="CompactSearchData">
               <metrics methods="10" conditionals="0" coveredstatements="0" coveredmethods="0" complexity="13" coveredconditionals="0" statements="23" coveredelements="0" elements="33"/>
            </class>
            <line num="26" count="0" visibility="public" complexity="1" type="method" signature="CompactSearchData()"/>
            <line num="27" count="0" type="stmt"/>
            <line num="28" count="0" type="stmt"/>
            <line num="29" count="0" type="stmt"/>
            <line num="30" count="0" type="stmt"/>
            <line num="33" count="0" visibility="public" complexity="4" type="method" signature="CompactSearchData(String)"/>
            <line num="34" count="0" type="stmt"/>
            <line num="35" count="0" type="stmt"/>
            <line num="36" count="0" type="stmt"/>
            <line num="37" count="0" type="stmt"/>
            <line num="38" count="0" type="stmt"/>
            <line num="39" count="0" type="stmt"/>
            <line num="40" count="0" type="stmt"/>
[...]
            <line num="130" count="0" type="stmt"/>
            <line num="133" count="1" type="stmt"/>
            <line num="136" testsuccess="true" count="1" visibility="public" complexity="3" type="method" testduration="0.001" signature="testNotFoundParser() : void"/>
            <line num="138" count="1" type="stmt"/>
            <line num="140" count="1" type="stmt"/>
            <line num="142" count="1" type="stmt"/>
            <line num="144" count="1" type="stmt"/>
            <line num="145" count="1" type="stmt"/>
            <line num="147" count="1" type="stmt"/>
            <line num="148" count="1" type="stmt"/>
            <line num="149" count="0" type="stmt"/>
            <line num="151" count="1" type="stmt"/>
            <line num="153" count="0" type="stmt"/>
            <line num="154" count="0" type="stmt"/>
            <line num="157" count="1" type="stmt"/>
            <line num="160" testsuccess="true" count="1" visibility="public" complexity="2" type="method" testduration="0.002" signature="testMTG75069Parser() : void"/>
            <line num="162" count="1" type="stmt"/>
            <line num="164" count="1" type="stmt"/>
            <line num="166" count="1" type="stmt"/>
            <line num="168" count="1" type="stmt"/>
            <line num="169" count="1" type="stmt"/>
            <line num="171" count="1" type="stmt"/>
            <line num="172" count="1" type="stmt"/>
            <line num="173" count="1" type="stmt"/>
            <line num="174" count="1" type="stmt"/>
            <line num="176" count="0" type="stmt"/>
            <line num="177" count="0" type="stmt"/>
            <line num="180" count="1" type="stmt"/>
            <line num="183" testsuccess="true" count="1" visibility="public" complexity="2" type="method" testduration="0.004" signature="testMTG76097Parser() : void"/>
            <line num="185" count="1" type="stmt"/>
            <line num="187" count="1" type="stmt"/>
            <line num="189" count="1" type="stmt"/>
            <line num="191" count="1" type="stmt"/>
            <line num="192" count="1" type="stmt"/>
            <line num="194" count="1" type="stmt"/>
            <line num="195" count="1" type="stmt"/>
            <line num="196" count="1" type="stmt"/>
            <line num="197" count="1" type="stmt"/>
            <line num="199" count="0" type="stmt"/>
            <line num="200" count="0" type="stmt"/>
            <line num="203" count="1" type="stmt"/>
            <line num="206" testsuccess="true" count="1" visibility="public" complexity="2" type="method" testduration="0.002" signature="testMTG94687Parser() : void"/>
            <line num="208" count="1" type="stmt"/>
            <line num="210" count="1" type="stmt"/>
            <line num="212" count="1" type="stmt"/>
            <line num="214" count="1" type="stmt"/>
            <line num="215" count="1" type="stmt"/>
            <line num="217" count="1" type="stmt"/>
            <line num="218" count="1" type="stmt"/>
            <line num="219" count="1" type="stmt"/>
            <line num="220" count="1" type="stmt"/>
            <line num="222" count="0" type="stmt"/>
            <line num="223" count="0" type="stmt"/>
            <line num="226" count="1" type="stmt"/>
            <line num="229" testsuccess="true" count="1" visibility="public" complexity="2" type="method" testduration="0.001" signature="testRPGParser() : void"/>
            <line num="231" count="1" type="stmt"/>
            <line num="233" count="1" type="stmt"/>
            <line num="235" count="1" type="stmt"/>
            <line num="237" count="1" type="stmt"/>
            <line num="238" count="1" type="stmt"/>
            <line num="240" count="1" type="stmt"/>
            <line num="241" count="1" type="stmt"/>
            <line num="242" count="1" type="stmt"/>
            <line num="243" count="1" type="stmt"/>
            <line num="245" count="0" type="stmt"/>
            <line num="246" count="0" type="stmt"/>
            <line num="249" count="1" type="stmt"/>
            <line num="252" testsuccess="true" count="1" visibility="public" complexity="2" type="method" testduration="0.011" signature="testLCGNetrunnerParser() : void"/>
            <line num="254" count="1" type="stmt"/>
            <line num="256" count="1" type="stmt"/>
            <line num="258" count="1" type="stmt"/>
            <line num="260" count="1" type="stmt"/>
            <line num="261" count="1" type="stmt"/>
            <line num="263" count="1" type="stmt"/>
            <line num="264" count="1" type="stmt"/>
            <line num="265" count="1" type="stmt"/>
            <line num="266" count="1" type="stmt"/>
            <line num="268" count="0" type="stmt"/>
            <line num="269" count="0" type="stmt"/>
            <line num="272" count="1" type="stmt"/>
            <line num="275" testsuccess="true" count="1" visibility="public" complexity="2" type="method" testduration="0.006" signature="testSuppliesSleevesParser() : void"/>
            <line num="277" count="1" type="stmt"/>
            <line num="279" count="1" type="stmt"/>
            <line num="281" count="1" type="stmt"/>
            <line num="283" count="1" type="stmt"/>
            <line num="284" count="1" type="stmt"/>
            <line num="286" count="1" type="stmt"/>
            <line num="287" count="1" type="stmt"/>
            <line num="288" count="1" type="stmt"/>
            <line num="289" count="1" type="stmt"/>
            <line num="291" count="0" type="stmt"/>
            <line num="292" count="0" type="stmt"/>
            <line num="295" count="1" type="stmt"/>
            <line num="298" testsuccess="true" count="1" visibility="public" complexity="2" type="method" testduration="0.002" signature="testMiniaturesParser() : void"/>
            <line num="300" count="1" type="stmt"/>
            <line num="302" count="1" type="stmt"/>
            <line num="304" count="1" type="stmt"/>
            <line num="306" count="1" type="stmt"/>
            <line num="307" count="1" type="stmt"/>
            <line num="309" count="1" type="stmt"/>
            <line num="310" count="1" type="stmt"/>
            <line num="311" count="1" type="stmt"/>
            <line num="312" count="1" type="stmt"/>
            <line num="314" count="0" type="stmt"/>
            <line num="315" count="0" type="stmt"/>
            <line num="318" count="1" type="stmt"/>
            <line num="321" testsuccess="true" count="1" visibility="public" complexity="3" type="method" testduration="0.001" signature="testGiftCertificateParser() : void"/>
            <line num="323" count="1" type="stmt"/>
            <line num="325" count="1" type="stmt"/>
            <line num="327" count="1" type="stmt"/>
            <line num="329" count="1" type="stmt"/>
            <line num="330" count="1" type="stmt"/>
            <line num="332" count="1" type="stmt"/>
            <line num="333" count="1" type="stmt"/>
            <line num="334" count="0" type="stmt"/>
            <line num="336" count="1" type="stmt"/>
            <line num="338" count="0" type="stmt"/>
            <line num="339" count="0" type="stmt"/>
            <line num="342" count="1" type="stmt"/>
            <line num="345" testsuccess="true" count="1" visibility="public" complexity="2" type="method" testduration="0.01" signature="testVideoGamesParser() : void"/>
            <line num="347" count="1" type="stmt"/>
            <line num="349" count="1" type="stmt"/>
            <line num="351" count="1" type="stmt"/>
            <line num="353" count="1" type="stmt"/>
            <line num="354" count="1" type="stmt"/>
            <line num="356" count="1" type="stmt"/>
            <line num="357" count="1" type="stmt"/>
            <line num="358" count="1" type="stmt"/>
            <line num="359" count="1" type="stmt"/>
            <line num="361" count="0" type="stmt"/>
            <line num="362" count="0" type="stmt"/>
            <line num="365" count="1" type="stmt"/>
         </file>
         <file name="TestMiniatureMarketParser.java" path="/Users/ac010168/Documents/umkc/ac-games-pojos/src/test/java/com/ac/games/data/mock/TestMiniatureMarketParser.java">
            <metrics classes="1" methods="14" conditionals="0" ncloc="247" coveredstatements="139" coveredmethods="14" complexity="29" coveredconditionals="0" statements="168" loc="339" coveredelements="153" elements="182"/>
            <class name="TestMiniatureMarketParser">
               <metrics conditionals="0" methods="14" coveredstatements="139" complexity="29" testpasses="14" testruns="14" coveredmethods="14" coveredconditionals="0" statements="168" testfailures="0" coveredelements="153" testduration="0.056999996" elements="182"/>
            </class>
            <line num="17" testsuccess="true" count="1" visibility="public" complexity="2" type="method" testduration="0.003" signature="testAbyssParser() : void"/>
            <line num="19" count="1" type="stmt"/>
            <line num="21" count="1" type="stmt"/>
            <line num="23" count="1" type="stmt"/>
            <line num="25" count="1" type="stmt"/>
            <line num="26" count="1" type="stmt"/>
            <line num="28" count="1" type="stmt"/>
            <line num="29" count="1" type="stmt"/>
            <line num="30" count="1" type="stmt"/>
            <line num="31" count="1" type="stmt"/>
            <line num="33" count="0" type="stmt"/>
            <line num="34" count="0" type="stmt"/>
            <line num="37" count="1" type="stmt"/>
            <line num="40" testsuccess="true" count="1" visibility="public" complexity="2" type="method" testduration="0.005" signature="testCosmicEncounterParser() : void"/>
            <line num="42" count="1" type="stmt"/>
            <line num="44" count="1" type="stmt"/>
            <line num="46" count="1" type="stmt"/>
            <line num="48" count="1" type="stmt"/>
            <line num="49" count="1" type="stmt"/>
            <line num="51" count="1" type="stmt"/>
            <line num="52" count="1" type="stmt"/>
            <line num="53" count="1" type="stmt"/>
            <line num="54" count="1" type="stmt"/>
            <line num="56" count="0" type="stmt"/>
            <line num="57" count="0" type="stmt"/>
            <line num="60" count="1" type="stmt"/>
            <line num="63" testsuccess="true" count="1" visibility="public" complexity="2" type="method" testduration="0.003" signature="testCosmicIncursionParser() : void"/>
            <line num="65" count="1" type="stmt"/>
            <line num="67" count="1" type="stmt"/>
            <line num="69" count="1" type="stmt"/>
            <line num="71" count="1" type="stmt"/>
            <line num="72" count="1" type="stmt"/>
            <line num="74" count="1" type="stmt"/>
            <line num="75" count="1" type="stmt"/>
            <line num="76" count="1" type="stmt"/>
            <line num="77" count="1" type="stmt"/>
            <line num="79" count="0" type="stmt"/>
            <line num="80" count="0" type="stmt"/>
            <line num="83" count="1" type="stmt"/>
            <line num="86" testsuccess="true" count="1" visibility="public" complexity="2" type="method" testduration="0.006" signature="testDCDiceMastersParser() : void"/>
            <line num="88" count="1" type="stmt"/>
            <line num="90" count="1" type="stmt"/>
            <line num="92" count="1" type="stmt"/>
            <line num="94" count="1" type="stmt"/>
            <line num="95" count="1" type="stmt"/>
            <line num="97" count="1" type="stmt"/>
            <line num="98" count="1" type="stmt"/>
            <line num="99" count="1" type="stmt"/>
            <line num="100" count="1" type="stmt"/>
            <line num="102" count="0" type="stmt"/>
            <line num="103" count="0" type="stmt"/>
            <line num="106" count="1" type="stmt"/>
            <line num="109" testsuccess="true" count="1" visibility="public" complexity="2" type="method" testduration="0.003" signature="testXWingIG2000Parser() : void"/>
            <line num="111" count="1" type="stmt"/>
            <line num="113" count="1" type="stmt"/>
            <line num="115" count="1" type="stmt"/>
            <line num="117" count="1" type="stmt"/>
            <line num="118" count="1" type="stmt"/>
            <line num="120" count="1" type="stmt"/>
            <line num="121" count="1" type="stmt"/>
            <line num="122" count="1" type="stmt"/>
            <line num="123" count="1" type="stmt"/>
            <line num="125" count="0" type="stmt"/>
            <line num="126" count="0" type="stmt"/>
            <line num="129" count="1" type="stmt"/>
            <line num="132" testsuccess="true" count="1" visibility="public" complexity="3" type="method" testduration="0.002" signature="testNotFoundParser() : void"/>
            <line num="134" count="1" type="stmt"/>
            <line num="136" count="1" type="stmt"/>
            <line num="138" count="1" type="stmt"/>
            <line num="140" count="1" type="stmt"/>
            <line num="141" count="1" type="stmt"/>
            <line num="143" count="1" type="stmt"/>
            <line num="144" count="1" type="stmt"/>
            <line num="145" count="0" type="stmt"/>
            <line num="147" count="1" type="stmt"/>
            <line num="149" count="0" type="stmt"/>
            <line num="150" count="0" type="stmt"/>
            <line num="153" count="1" type="stmt"/>
            <line num="156" testsuccess="true" count="1" visibility="public" complexity="2" type="method" testduration="0.004" signature="testMM5137Parser() : void"/>
            <line num="158" count="1" type="stmt"/>
            <line num="160" count="1" type="stmt"/>
            <line num="162" count="1" type="stmt"/>
            <line num="164" count="1" type="stmt"/>
            <line num="165" count="1" type="stmt"/>
            <line num="167" count="1" type="stmt"/>
            <line num="168" count="1" type="stmt"/>
            <line num="169" count="1" type="stmt"/>
            <line num="170" count="1" type="stmt"/>
            <line num="172" count="0" type="stmt"/>
            <line num="173" count="0" type="stmt"/>
            <line num="176" count="1" type="stmt"/>
            <line num="179" testsuccess="true" count="1" visibility="public" complexity="2" type="method" testduration="0.004" signature="testMMAccessoriesParser() : void"/>
            <line num="181" count="1" type="stmt"/>
            <line num="183" count="1" type="stmt"/>
            <line num="185" count="1" type="stmt"/>
            <line num="187" count="1" type="stmt"/>
            <line num="188" count="1" type="stmt"/>
            <line num="190" count="1" type="stmt"/>
            <line num="191" count="1" type="stmt"/>
            <line num="192" count="1" type="stmt"/>
            <line num="193" count="1" type="stmt"/>
            <line num="195" count="0" type="stmt"/>
            <line num="196" count="0" type="stmt"/>
            <line num="199" count="1" type="stmt"/>
            <line num="202" testsuccess="true" count="1" visibility="public" complexity="2" type="method" testduration="0.003" signature="testMMBoardGamesParser() : void"/>
            <line num="204" count="1" type="stmt"/>
            <line num="206" count="1" type="stmt"/>
            <line num="208" count="1" type="stmt"/>
            <line num="210" count="1" type="stmt"/>
            <line num="211" count="1" type="stmt"/>
            <line num="213" count="1" type="stmt"/>
            <line num="214" count="1" type="stmt"/>
            <line num="215" count="1" type="stmt"/>
            <line num="216" count="1" type="stmt"/>
            <line num="218" count="0" type="stmt"/>
            <line num="219" count="0" type="stmt"/>
            <line num="222" count="1" type="stmt"/>
            <line num="225" testsuccess="true" count="1" visibility="public" complexity="2" type="method" testduration="0.003" signature="testMMCCGsParser() : void"/>
            <line num="227" count="1" type="stmt"/>
            <line num="229" count="1" type="stmt"/>
            <line num="231" count="1" type="stmt"/>
            <line num="233" count="1" type="stmt"/>
            <line num="234" count="1" type="stmt"/>
            <line num="236" count="1" type="stmt"/>
            <line num="237" count="1" type="stmt"/>
            <line num="238" count="1" type="stmt"/>
            <line num="239" count="1" type="stmt"/>
            <line num="241" count="0" type="stmt"/>
            <line num="242" count="0" type="stmt"/>
            <line num="245" count="1" type="stmt"/>
            <line num="248" testsuccess="true" count="1" visibility="public" complexity="2" type="method" testduration="0.003" signature="testMMCollectibleMinisParser() : void"/>
            <line num="250" count="1" type="stmt"/>
            <line num="252" count="1" type="stmt"/>
            <line num="254" count="1" type="stmt"/>
            <line num="256" count="1" type="stmt"/>
            <line num="257" count="1" type="stmt"/>
            <line num="259" count="1" type="stmt"/>
            <line num="260" count="1" type="stmt"/>
            <line num="261" count="1" type="stmt"/>
            <line num="262" count="1" type="stmt"/>
            <line num="264" count="0" type="stmt"/>
            <line num="265" count="0" type="stmt"/>
            <line num="268" count="1" type="stmt"/>
            <line num="271" testsuccess="true" count="1" visibility="public" complexity="2" type="method" testduration="0.005" signature="testMMRPGsParser() : void"/>
            <line num="273" count="1" type="stmt"/>
            <line num="275" count="1" type="stmt"/>
            <line num="277" count="1" type="stmt"/>
            <line num="279" count="1" type="stmt"/>
            <line num="280" count="1" type="stmt"/>
            <line num="282" count="1" type="stmt"/>
            <line num="283" count="1" type="stmt"/>
            <line num="284" count="1" type="stmt"/>
            <line num="285" count="1" type="stmt"/>
            <line num="287" count="0" type="stmt"/>
            <line num="288" count="0" type="stmt"/>
            <line num="291" count="1" type="stmt"/>
            <line num="294" testsuccess="true" count="1" visibility="public" complexity="2" type="method" testduration="0.004" signature="testMMTableTopMinisParser() : void"/>
            <line num="296" count="1" type="stmt"/>
            <line num="298" count="1" type="stmt"/>
            <line num="300" count="1" type="stmt"/>
            <line num="302" count="1" type="stmt"/>
            <line num="303" count="1" type="stmt"/>
            <line num="305" count="1" type="stmt"/>
            <line num="306" count="1" type="stmt"/>
            <line num="307" count="1" type="stmt"/>
            <line num="308" count="1" type="stmt"/>
            <line num="310" count="0" type="stmt"/>
            <line num="311" count="0" type="stmt"/>
            <line num="314" count="1" type="stmt"/>
            <line num="317" testsuccess="true" count="1" visibility="public" complexity="2" type="method" testduration="0.009" signature="testMMUnknownParser() : void"/>
            <line num="319" count="1" type="stmt"/>
            <line num="321" count="1" type="stmt"/>
            <line num="323" count="1" type="stmt"/>
            <line num="325" count="1" type="stmt"/>
            <line num="326" count="1" type="stmt"/>
            <line num="328" count="1" type="stmt"/>
            <line num="329" count="1" type="stmt"/>
            <line num="330" count="1" type="stmt"/>
            <line num="331" count="1" type="stmt"/>
            <line num="333" count="0" type="stmt"/>
            <line num="334" count="0" type="stmt"/>
            <line num="337" count="1" type="stmt"/>
         </file>
      </package>
   </testproject>
</coverage>